ai-quiz/android/app/build/intermediates/manifest_merge_blame_file/release/processReleaseMainManifest/manifest-merger-blame-release-report.txt
1<?xml version="1.0" encoding="utf-8"?>
2<manifest xmlns:android="http://schemas.android.com/apk/res/android"
3    package="com.aiquiz.app"
4    android:versionCode="1"
5    android:versionName="1.0" >
6
7    <uses-sdk
8        android:minSdkVersion="24"
9        android:targetSdkVersion="36" />
10
11    <!-- Permissions -->
12
13    <uses-permission android:name="android.permission.INTERNET" />
13-->src/main/AndroidManifest.xml:40:5-67
13-->src/main/AndroidManifest.xml:40:22-64
14
15    <queries>
15-->[:capacitor-camera] AndroidManifest.xml:7:5-17:15
16        <intent>
16-->[:capacitor-camera] AndroidManifest.xml:8:9-10:18
17            <action android:name="android.media.action.IMAGE_CAPTURE" />
17-->[:capacitor-camera] AndroidManifest.xml:9:13-73
17-->[:capacitor-camera] AndroidManifest.xml:9:21-70
18        </intent>
19        <intent>
19-->[:capacitor-camera] AndroidManifest.xml:11:9-13:18
20            <action android:name="android.intent.action.GET_CONTENT" />
20-->[:capacitor-camera] AndroidManifest.xml:12:13-72
20-->[:capacitor-camera] AndroidManifest.xml:12:21-69
21        </intent>
22        <intent>
22-->[:capacitor-camera] AndroidManifest.xml:14:9-16:18
23            <action android:name="android.intent.action.PICK" />
23-->[:capacitor-camera] AndroidManifest.xml:15:13-65
23-->[:capacitor-camera] AndroidManifest.xml:15:21-62
24        </intent>
25    </queries>
26
27    <permission
27-->[androidx.core:core:1.17.0] AndroidManifest.xml:22:5-24:47
28        android:name="com.aiquiz.app.DYNAMIC_RECEIVER_NOT_EXPORTED_PERMISSION"
28-->[androidx.core:core:1.17.0] AndroidManifest.xml:23:9-81
29        android:protectionLevel="signature" />
29-->[androidx.core:core:1.17.0] AndroidManifest.xml:24:9-44
30
31    <uses-permission android:name="com.aiquiz.app.DYNAMIC_RECEIVER_NOT_EXPORTED_PERMISSION" />
31-->[androidx.core:core:1.17.0] AndroidManifest.xml:26:5-97
31-->[androidx.core:core:1.17.0] AndroidManifest.xml:26:22-94
32
33    <application
33-->src/main/AndroidManifest.xml:4:5-36:19
34        android:allowBackup="true"
34-->src/main/AndroidManifest.xml:5:9-35
35        android:appComponentFactory="androidx.core.app.CoreComponentFactory"
35-->[androidx.core:core:1.17.0] AndroidManifest.xml:28:18-86
36        android:extractNativeLibs="false"
37        android:icon="@mipmap/ic_launcher"
37-->src/main/AndroidManifest.xml:6:9-43
38        android:label="@string/app_name"
38-->src/main/AndroidManifest.xml:7:9-41
39        android:requestLegacyExternalStorage="true"
39-->[io.ionic.libs:ioncamera-android:1.0.0] AndroidManifest.xml:8:18-61
40        android:roundIcon="@mipmap/ic_launcher_round"
40-->src/main/AndroidManifest.xml:8:9-54
41        android:supportsRtl="true"
41-->src/main/AndroidManifest.xml:9:9-35
42        android:theme="@style/AppTheme" >
42-->src/main/AndroidManifest.xml:10:9-40
43        <activity
43-->src/main/AndroidManifest.xml:12:9-25:20
44            android:name="com.aiquiz.app.MainActivity"
44-->src/main/AndroidManifest.xml:14:13-41
45            android:configChanges="orientation|keyboardHidden|keyboard|screenSize|locale|smallestScreenSize|screenLayout|uiMode|navigation|density"
45-->src/main/AndroidManifest.xml:13:13-148
46            android:exported="true"
46-->src/main/AndroidManifest.xml:18:13-36
47            android:label="@string/title_activity_main"
47-->src/main/AndroidManifest.xml:15:13-56
48            android:launchMode="singleTask"
48-->src/main/AndroidManifest.xml:17:13-44
49            android:theme="@style/AppTheme.NoActionBarLaunch" >
49-->src/main/AndroidManifest.xml:16:13-62
50            <intent-filter>
50-->src/main/AndroidManifest.xml:20:13-23:29
51                <action android:name="android.intent.action.MAIN" />
51-->src/main/AndroidManifest.xml:21:17-69
51-->src/main/AndroidManifest.xml:21:25-66
52
53                <category android:name="android.intent.category.LAUNCHER" />
53-->src/main/AndroidManifest.xml:22:17-77
53-->src/main/AndroidManifest.xml:22:27-74
54            </intent-filter>
55        </activity>
56
57        <provider
58            android:name="androidx.core.content.FileProvider"
58-->src/main/AndroidManifest.xml:28:13-62
59            android:authorities="com.aiquiz.app.fileprovider"
59-->src/main/AndroidManifest.xml:29:13-64
60            android:exported="false"
60-->src/main/AndroidManifest.xml:30:13-37
61            android:grantUriPermissions="true" >
61-->src/main/AndroidManifest.xml:31:13-47
62            <meta-data
62-->src/main/AndroidManifest.xml:32:13-34:64
63                android:name="android.support.FILE_PROVIDER_PATHS"
63-->src/main/AndroidManifest.xml:33:17-67
64                android:resource="@xml/file_paths" />
64-->src/main/AndroidManifest.xml:34:17-51
65        </provider>
66
67        <activity
67-->[io.ionic.libs:ioncamera-android:1.0.0] AndroidManifest.xml:9:9-11:86
68            android:name="io.ionic.libs.ioncameralib.view.IONCAMRLoadingActivity"
68-->[io.ionic.libs:ioncamera-android:1.0.0] AndroidManifest.xml:10:13-82
69            android:theme="@android:style/Theme.Translucent.NoTitleBar.Fullscreen" />
69-->[io.ionic.libs:ioncamera-android:1.0.0] AndroidManifest.xml:11:13-83
70        <activity
70-->[io.ionic.libs:ioncamera-android:1.0.0] AndroidManifest.xml:12:9-16:36
71            android:name="io.ionic.libs.ioncameralib.view.IONCAMRImageEditorActivity"
71-->[io.ionic.libs:ioncamera-android:1.0.0] AndroidManifest.xml:13:13-86
72            android:enableOnBackInvokedCallback="true"
72-->[io.ionic.libs:ioncamera-android:1.0.0] AndroidManifest.xml:14:13-55
73            android:theme="@android:style/Theme.Black.NoTitleBar" />
73-->[io.ionic.libs:ioncamera-android:1.0.0] AndroidManifest.xml:15:13-66
74        <activity
74-->[io.ionic.libs:ioncamera-android:1.0.0] AndroidManifest.xml:17:9-20:86
75            android:name="io.ionic.libs.ioncameralib.view.IONCAMROpenPhotoPickerActivity"
75-->[io.ionic.libs:ioncamera-android:1.0.0] AndroidManifest.xml:18:13-90
76            android:exported="false"
76-->[io.ionic.libs:ioncamera-android:1.0.0] AndroidManifest.xml:19:13-37
77            android:theme="@android:style/Theme.Translucent.NoTitleBar.Fullscreen" /> <!-- Trigger Google Play services to install the backported photo picker module. -->
77-->[io.ionic.libs:ioncamera-android:1.0.0] AndroidManifest.xml:20:13-83
78        <service
78-->[io.ionic.libs:ioncamera-android:1.0.0] AndroidManifest.xml:22:9-34:19
79            android:name="com.google.android.gms.metadata.ModuleDependencies"
79-->[io.ionic.libs:ioncamera-android:1.0.0] AndroidManifest.xml:23:13-78
80            android:enabled="false"
80-->[io.ionic.libs:ioncamera-android:1.0.0] AndroidManifest.xml:24:13-36
81            android:exported="false" >
81-->[io.ionic.libs:ioncamera-android:1.0.0] AndroidManifest.xml:25:13-37
82            <intent-filter>
82-->[io.ionic.libs:ioncamera-android:1.0.0] AndroidManifest.xml:27:13-29:29
83                <action android:name="com.google.android.gms.metadata.MODULE_DEPENDENCIES" />
83-->[io.ionic.libs:ioncamera-android:1.0.0] AndroidManifest.xml:28:17-94
83-->[io.ionic.libs:ioncamera-android:1.0.0] AndroidManifest.xml:28:25-91
84            </intent-filter>
85
86            <meta-data
86-->[io.ionic.libs:ioncamera-android:1.0.0] AndroidManifest.xml:31:13-33:36
87                android:name="photopicker_activity:0:required"
87-->[io.ionic.libs:ioncamera-android:1.0.0] AndroidManifest.xml:32:17-63
88                android:value="" />
88-->[io.ionic.libs:ioncamera-android:1.0.0] AndroidManifest.xml:33:17-33
89        </service>
90
91        <provider
91-->[io.ionic.libs:ioncamera-android:1.0.0] AndroidManifest.xml:36:9-44:20
92            android:name="io.ionic.libs.ioncameralib.IONCAMRFileProvider"
92-->[io.ionic.libs:ioncamera-android:1.0.0] AndroidManifest.xml:37:13-74
93            android:authorities="com.aiquiz.app.camera.provider"
93-->[io.ionic.libs:ioncamera-android:1.0.0] AndroidManifest.xml:38:13-67
94            android:exported="false"
94-->[io.ionic.libs:ioncamera-android:1.0.0] AndroidManifest.xml:39:13-37
95            android:grantUriPermissions="true" >
95-->[io.ionic.libs:ioncamera-android:1.0.0] AndroidManifest.xml:40:13-47
96            <meta-data
96-->src/main/AndroidManifest.xml:32:13-34:64
97                android:name="android.support.FILE_PROVIDER_PATHS"
97-->src/main/AndroidManifest.xml:33:17-67
98                android:resource="@xml/ioncamera_paths" />
98-->src/main/AndroidManifest.xml:34:17-51
99        </provider>
100        <provider
100-->[androidx.emoji2:emoji2:1.3.0] AndroidManifest.xml:24:9-32:20
101            android:name="androidx.startup.InitializationProvider"
101-->[androidx.emoji2:emoji2:1.3.0] AndroidManifest.xml:25:13-67
102            android:authorities="com.aiquiz.app.androidx-startup"
102-->[androidx.emoji2:emoji2:1.3.0] AndroidManifest.xml:26:13-68
103            android:exported="false" >
103-->[androidx.emoji2:emoji2:1.3.0] AndroidManifest.xml:27:13-37
104            <meta-data
104-->[androidx.emoji2:emoji2:1.3.0] AndroidManifest.xml:29:13-31:52
105                android:name="androidx.emoji2.text.EmojiCompatInitializer"
105-->[androidx.emoji2:emoji2:1.3.0] AndroidManifest.xml:30:17-75
106                android:value="androidx.startup" />
106-->[androidx.emoji2:emoji2:1.3.0] AndroidManifest.xml:31:17-49
107            <meta-data
107-->[androidx.lifecycle:lifecycle-process:2.6.2] AndroidManifest.xml:29:13-31:52
108                android:name="androidx.lifecycle.ProcessLifecycleInitializer"
108-->[androidx.lifecycle:lifecycle-process:2.6.2] AndroidManifest.xml:30:17-78
109                android:value="androidx.startup" />
109-->[androidx.lifecycle:lifecycle-process:2.6.2] AndroidManifest.xml:31:17-49
110            <meta-data
110-->[androidx.profileinstaller:profileinstaller:1.4.0] AndroidManifest.xml:29:13-31:52
111                android:name="androidx.profileinstaller.ProfileInstallerInitializer"
111-->[androidx.profileinstaller:profileinstaller:1.4.0] AndroidManifest.xml:30:17-85
112                android:value="androidx.startup" />
112-->[androidx.profileinstaller:profileinstaller:1.4.0] AndroidManifest.xml:31:17-49
113        </provider>
114        <!--
115        Service for holding metadata. Cannot be instantiated.
116        Metadata will be merged from other manifests.
117        -->
118        <service
118-->[androidx.camera:camera-core:1.4.2] AndroidManifest.xml:29:9-33:78
119            android:name="androidx.camera.core.impl.MetadataHolderService"
119-->[androidx.camera:camera-core:1.4.2] AndroidManifest.xml:30:13-75
120            android:enabled="false"
120-->[androidx.camera:camera-core:1.4.2] AndroidManifest.xml:31:13-36
121            android:exported="false" />
121-->[androidx.camera:camera-core:1.4.2] AndroidManifest.xml:32:13-37
122
123        <receiver
123-->[androidx.profileinstaller:profileinstaller:1.4.0] AndroidManifest.xml:34:9-52:20
124            android:name="androidx.profileinstaller.ProfileInstallReceiver"
124-->[androidx.profileinstaller:profileinstaller:1.4.0] AndroidManifest.xml:35:13-76
125            android:directBootAware="false"
125-->[androidx.profileinstaller:profileinstaller:1.4.0] AndroidManifest.xml:36:13-44
126            android:enabled="true"
126-->[androidx.profileinstaller:profileinstaller:1.4.0] AndroidManifest.xml:37:13-35
127            android:exported="true"
127-->[androidx.profileinstaller:profileinstaller:1.4.0] AndroidManifest.xml:38:13-36
128            android:permission="android.permission.DUMP" >
128-->[androidx.profileinstaller:profileinstaller:1.4.0] AndroidManifest.xml:39:13-57
129            <intent-filter>
129-->[androidx.profileinstaller:profileinstaller:1.4.0] AndroidManifest.xml:40:13-42:29
130                <action android:name="androidx.profileinstaller.action.INSTALL_PROFILE" />
130-->[androidx.profileinstaller:profileinstaller:1.4.0] AndroidManifest.xml:41:17-91
130-->[androidx.profileinstaller:profileinstaller:1.4.0] AndroidManifest.xml:41:25-88
131            </intent-filter>
132            <intent-filter>
132-->[androidx.profileinstaller:profileinstaller:1.4.0] AndroidManifest.xml:43:13-45:29
133                <action android:name="androidx.profileinstaller.action.SKIP_FILE" />
133-->[androidx.profileinstaller:profileinstaller:1.4.0] AndroidManifest.xml:44:17-85
133-->[androidx.profileinstaller:profileinstaller:1.4.0] AndroidManifest.xml:44:25-82
134            </intent-filter>
135            <intent-filter>
135-->[androidx.profileinstaller:profileinstaller:1.4.0] AndroidManifest.xml:46:13-48:29
136                <action android:name="androidx.profileinstaller.action.SAVE_PROFILE" />
136-->[androidx.profileinstaller:profileinstaller:1.4.0] AndroidManifest.xml:47:17-88
136-->[androidx.profileinstaller:profileinstaller:1.4.0] AndroidManifest.xml:47:25-85
137            </intent-filter>
138            <intent-filter>
138-->[androidx.profileinstaller:profileinstaller:1.4.0] AndroidManifest.xml:49:13-51:29
139                <action android:name="androidx.profileinstaller.action.BENCHMARK_OPERATION" />
139-->[androidx.profileinstaller:profileinstaller:1.4.0] AndroidManifest.xml:50:17-95
139-->[androidx.profileinstaller:profileinstaller:1.4.0] AndroidManifest.xml:50:25-92
140            </intent-filter>
141        </receiver>
142    </application>
143
144</manifest>